{ [AssertionError: expected undefined to exist]
  message: 'expected undefined to exist',
  showDiff: false,
  actual: undefined,
  expected: undefined }
<testsuite name="Mocha Tests" tests="13" failures="0" errors="0" skipped="0" timestamp="Wed, 09 Nov 2016 07:33:54 GMT" time="3.82">
<testcase classname="Validate actions (these are functions that dispatch actions)" name="resource should be a resource (i.e., mock a request)" time="0.521"/>
<testcase classname="Validate actions (these are functions that dispatch actions)" name="resource should give me the http error" time="0.153"/>
<testcase classname="Validate actions (these are functions that dispatch actions)" name="resource should be POSTable" time="0.164"/>
<testcase classname="Validate actions (these are functions that dispatch actions)" name="should update error message (for displaying error mesage to user)" time="0"/>
<testcase classname="Validate actions (these are functions that dispatch actions)" name="should update success message (for displaying success message to user)" time="0"/>
<testcase classname="Validate actions (these are functions that dispatch actions)" name="should navigate (to profile, main, or landing)" time="0"/>
<testcase classname="Validate reducer (no fetch requests here)" name="should clear state when logout" time="0.001"/>
<testcase classname="Validate reducer (no fetch requests here)" name="should return the initial state" time="0"/>
<testcase classname="Validate reducer (no fetch requests here)" name="should state success (for displaying success message to user)" time="0.001"/>
<testcase classname="Validate reducer (no fetch requests here)" name="should state error (for displaying error message to user)" time="0"/>
<testcase classname="Validate reducer (no fetch requests here)" name="should set the articles" time="0.001"/>
<testcase classname="Validate reducer (no fetch requests here)" name="should set the search keyword" time="0.001"/>
<testcase classname="Validate reducer (no fetch requests here)" name="should filter displayed articles by the search keyword" time="0.002"/>
</testsuite>
